2016-09-27 16:59:26 Notice: Notice (8): Undefined variable: cakeDescription in [D:\wamp64\www\matanatr\src\Template\Pages\home.ctp, line 29]
Request URL: /matanatr/
Trace:
Cake\Error\BaseErrorHandler::handleError() - CORE\src\Error\BaseErrorHandler.php, line 146
include - APP/Template\Pages\home.ctp, line 29
Cake\View\View::_evaluate() - CORE\src\View\View.php, line 1008
Cake\View\View::_render() - CORE\src\View\View.php, line 967
Cake\View\View::render() - CORE\src\View\View.php, line 591
Cake\Controller\Controller::render() - CORE\src\Controller\Controller.php, line 617
App\Controller\PagesController::display() - APP/Controller\PagesController.php, line 56
Cake\Controller\Controller::invokeAction() - CORE\src\Controller\Controller.php, line 435
Cake\Http\ActionDispatcher::_invoke() - CORE\src\Http\ActionDispatcher.php, line 122
Cake\Http\ActionDispatcher::dispatch() - CORE\src\Http\ActionDispatcher.php, line 96
Cake\Http\BaseApplication::__invoke() - CORE\src\Http\BaseApplication.php, line 83
Cake\Http\Runner::__invoke() - CORE\src\Http\Runner.php, line 65
Cake\Routing\Middleware\RoutingMiddleware::__invoke() - CORE\src\Routing\Middleware\RoutingMiddleware.php, line 52
Cake\Http\Runner::__invoke() - CORE\src\Http\Runner.php, line 65
Cake\Routing\Middleware\AssetMiddleware::__invoke() - CORE\src\Routing\Middleware\AssetMiddleware.php, line 88
Cake\Http\Runner::__invoke() - CORE\src\Http\Runner.php, line 65
Cake\Error\Middleware\ErrorHandlerMiddleware::__invoke() - CORE\src\Error\Middleware\ErrorHandlerMiddleware.php, line 52
Cake\Http\Runner::__invoke() - CORE\src\Http\Runner.php, line 65
Cake\Http\Runner::run() - CORE\src\Http\Runner.php, line 51
Cake\Http\Server::run() - CORE\src\Http\Server.php, line 82
[main] - ROOT\webroot\index.php, line 37



2016-10-03 00:12:45 Notice: Notice (8): Undefined variable: cakeDescription in [D:\wamp64\www\matanatr\src\Template\Pages\home.ctp, line 29]
Request URL: /matanatr/
Trace:
Cake\Error\BaseErrorHandler::handleError() - CORE\src\Error\BaseErrorHandler.php, line 146
include - APP/Template\Pages\home.ctp, line 29
Cake\View\View::_evaluate() - CORE\src\View\View.php, line 1008
Cake\View\View::_render() - CORE\src\View\View.php, line 967
Cake\View\View::render() - CORE\src\View\View.php, line 591
Cake\Controller\Controller::render() - CORE\src\Controller\Controller.php, line 617
App\Controller\PagesController::display() - APP/Controller\PagesController.php, line 56
Cake\Controller\Controller::invokeAction() - CORE\src\Controller\Controller.php, line 435
Cake\Http\ActionDispatcher::_invoke() - CORE\src\Http\ActionDispatcher.php, line 122
Cake\Http\ActionDispatcher::dispatch() - CORE\src\Http\ActionDispatcher.php, line 96
Cake\Http\BaseApplication::__invoke() - CORE\src\Http\BaseApplication.php, line 83
Cake\Http\Runner::__invoke() - CORE\src\Http\Runner.php, line 65
Cake\Routing\Middleware\RoutingMiddleware::__invoke() - CORE\src\Routing\Middleware\RoutingMiddleware.php, line 52
Cake\Http\Runner::__invoke() - CORE\src\Http\Runner.php, line 65
Cake\Routing\Middleware\AssetMiddleware::__invoke() - CORE\src\Routing\Middleware\AssetMiddleware.php, line 88
Cake\Http\Runner::__invoke() - CORE\src\Http\Runner.php, line 65
Cake\Error\Middleware\ErrorHandlerMiddleware::__invoke() - CORE\src\Error\Middleware\ErrorHandlerMiddleware.php, line 52
Cake\Http\Runner::__invoke() - CORE\src\Http\Runner.php, line 65
Cake\Http\Runner::run() - CORE\src\Http\Runner.php, line 51
Cake\Http\Server::run() - CORE\src\Http\Server.php, line 82
[main] - ROOT\webroot\index.php, line 37



2016-10-03 00:29:08 Notice: Notice (8): Undefined variable: cakeDescription in [D:\wamp64\www\matanatr\src\Template\Home\index.ctp, line 7]
Request URL: /matanatr/
Trace:
Cake\Error\BaseErrorHandler::handleError() - CORE\src\Error\BaseErrorHandler.php, line 146
include - APP/Template\Home\index.ctp, line 7
Cake\View\View::_evaluate() - CORE\src\View\View.php, line 1008
Cake\View\View::_render() - CORE\src\View\View.php, line 967
Cake\View\View::render() - CORE\src\View\View.php, line 591
Cake\Controller\Controller::render() - CORE\src\Controller\Controller.php, line 617
Cake\Http\ActionDispatcher::_invoke() - CORE\src\Http\ActionDispatcher.php, line 128
Cake\Http\ActionDispatcher::dispatch() - CORE\src\Http\ActionDispatcher.php, line 96
Cake\Http\BaseApplication::__invoke() - CORE\src\Http\BaseApplication.php, line 83
Cake\Http\Runner::__invoke() - CORE\src\Http\Runner.php, line 65
Cake\Routing\Middleware\RoutingMiddleware::__invoke() - CORE\src\Routing\Middleware\RoutingMiddleware.php, line 52
Cake\Http\Runner::__invoke() - CORE\src\Http\Runner.php, line 65
Cake\Routing\Middleware\AssetMiddleware::__invoke() - CORE\src\Routing\Middleware\AssetMiddleware.php, line 88
Cake\Http\Runner::__invoke() - CORE\src\Http\Runner.php, line 65
Cake\Error\Middleware\ErrorHandlerMiddleware::__invoke() - CORE\src\Error\Middleware\ErrorHandlerMiddleware.php, line 52
Cake\Http\Runner::__invoke() - CORE\src\Http\Runner.php, line 65
Cake\Http\Runner::run() - CORE\src\Http\Runner.php, line 51
Cake\Http\Server::run() - CORE\src\Http\Server.php, line 82
[main] - ROOT\webroot\index.php, line 37



2016-10-03 00:29:11 Notice: Notice (8): Undefined variable: cakeDescription in [D:\wamp64\www\matanatr\src\Template\Home\index.ctp, line 7]
Request URL: /matanatr/
Referer URL: http://localhost/matanatr/
Trace:
Cake\Error\BaseErrorHandler::handleError() - CORE\src\Error\BaseErrorHandler.php, line 146
include - APP/Template\Home\index.ctp, line 7
Cake\View\View::_evaluate() - CORE\src\View\View.php, line 1008
Cake\View\View::_render() - CORE\src\View\View.php, line 967
Cake\View\View::render() - CORE\src\View\View.php, line 591
Cake\Controller\Controller::render() - CORE\src\Controller\Controller.php, line 617
Cake\Http\ActionDispatcher::_invoke() - CORE\src\Http\ActionDispatcher.php, line 128
Cake\Http\ActionDispatcher::dispatch() - CORE\src\Http\ActionDispatcher.php, line 96
Cake\Http\BaseApplication::__invoke() - CORE\src\Http\BaseApplication.php, line 83
Cake\Http\Runner::__invoke() - CORE\src\Http\Runner.php, line 65
Cake\Routing\Middleware\RoutingMiddleware::__invoke() - CORE\src\Routing\Middleware\RoutingMiddleware.php, line 52
Cake\Http\Runner::__invoke() - CORE\src\Http\Runner.php, line 65
Cake\Routing\Middleware\AssetMiddleware::__invoke() - CORE\src\Routing\Middleware\AssetMiddleware.php, line 88
Cake\Http\Runner::__invoke() - CORE\src\Http\Runner.php, line 65
Cake\Error\Middleware\ErrorHandlerMiddleware::__invoke() - CORE\src\Error\Middleware\ErrorHandlerMiddleware.php, line 52
Cake\Http\Runner::__invoke() - CORE\src\Http\Runner.php, line 65
Cake\Http\Runner::run() - CORE\src\Http\Runner.php, line 51
Cake\Http\Server::run() - CORE\src\Http\Server.php, line 82
[main] - ROOT\webroot\index.php, line 37



2016-10-03 00:29:29 Notice: Notice (8): Undefined variable: cakeDescription in [D:\wamp64\www\matanatr\src\Template\Home\index.ctp, line 7]
Request URL: /matanatr/
Referer URL: http://localhost/matanatr/
Trace:
Cake\Error\BaseErrorHandler::handleError() - CORE\src\Error\BaseErrorHandler.php, line 146
include - APP/Template\Home\index.ctp, line 7
Cake\View\View::_evaluate() - CORE\src\View\View.php, line 1008
Cake\View\View::_render() - CORE\src\View\View.php, line 967
Cake\View\View::render() - CORE\src\View\View.php, line 591
Cake\Controller\Controller::render() - CORE\src\Controller\Controller.php, line 617
Cake\Http\ActionDispatcher::_invoke() - CORE\src\Http\ActionDispatcher.php, line 128
Cake\Http\ActionDispatcher::dispatch() - CORE\src\Http\ActionDispatcher.php, line 96
Cake\Http\BaseApplication::__invoke() - CORE\src\Http\BaseApplication.php, line 83
Cake\Http\Runner::__invoke() - CORE\src\Http\Runner.php, line 65
Cake\Routing\Middleware\RoutingMiddleware::__invoke() - CORE\src\Routing\Middleware\RoutingMiddleware.php, line 52
Cake\Http\Runner::__invoke() - CORE\src\Http\Runner.php, line 65
Cake\Routing\Middleware\AssetMiddleware::__invoke() - CORE\src\Routing\Middleware\AssetMiddleware.php, line 88
Cake\Http\Runner::__invoke() - CORE\src\Http\Runner.php, line 65
Cake\Error\Middleware\ErrorHandlerMiddleware::__invoke() - CORE\src\Error\Middleware\ErrorHandlerMiddleware.php, line 52
Cake\Http\Runner::__invoke() - CORE\src\Http\Runner.php, line 65
Cake\Http\Runner::run() - CORE\src\Http\Runner.php, line 51
Cake\Http\Server::run() - CORE\src\Http\Server.php, line 82
[main] - ROOT\webroot\index.php, line 37



2016-10-03 00:30:03 Notice: Notice (8): Undefined variable: cakeDescription in [D:\wamp64\www\matanatr\src\Template\Home\index.ctp, line 7]
Request URL: /matanatr/
Referer URL: http://localhost/matanatr/
Trace:
Cake\Error\BaseErrorHandler::handleError() - CORE\src\Error\BaseErrorHandler.php, line 146
include - APP/Template\Home\index.ctp, line 7
Cake\View\View::_evaluate() - CORE\src\View\View.php, line 1008
Cake\View\View::_render() - CORE\src\View\View.php, line 967
Cake\View\View::render() - CORE\src\View\View.php, line 591
Cake\Controller\Controller::render() - CORE\src\Controller\Controller.php, line 617
Cake\Http\ActionDispatcher::_invoke() - CORE\src\Http\ActionDispatcher.php, line 128
Cake\Http\ActionDispatcher::dispatch() - CORE\src\Http\ActionDispatcher.php, line 96
Cake\Http\BaseApplication::__invoke() - CORE\src\Http\BaseApplication.php, line 83
Cake\Http\Runner::__invoke() - CORE\src\Http\Runner.php, line 65
Cake\Routing\Middleware\RoutingMiddleware::__invoke() - CORE\src\Routing\Middleware\RoutingMiddleware.php, line 52
Cake\Http\Runner::__invoke() - CORE\src\Http\Runner.php, line 65
Cake\Routing\Middleware\AssetMiddleware::__invoke() - CORE\src\Routing\Middleware\AssetMiddleware.php, line 88
Cake\Http\Runner::__invoke() - CORE\src\Http\Runner.php, line 65
Cake\Error\Middleware\ErrorHandlerMiddleware::__invoke() - CORE\src\Error\Middleware\ErrorHandlerMiddleware.php, line 52
Cake\Http\Runner::__invoke() - CORE\src\Http\Runner.php, line 65
Cake\Http\Runner::run() - CORE\src\Http\Runner.php, line 51
Cake\Http\Server::run() - CORE\src\Http\Server.php, line 82
[main] - ROOT\webroot\index.php, line 37



2016-10-03 00:30:51 Notice: Notice (8): Undefined variable: cakeDescription in [D:\wamp64\www\matanatr\src\Template\Home\index.ctp, line 7]
Request URL: /matanatr/
Referer URL: http://localhost/matanatr/
Trace:
Cake\Error\BaseErrorHandler::handleError() - CORE\src\Error\BaseErrorHandler.php, line 146
include - APP/Template\Home\index.ctp, line 7
Cake\View\View::_evaluate() - CORE\src\View\View.php, line 1008
Cake\View\View::_render() - CORE\src\View\View.php, line 967
Cake\View\View::render() - CORE\src\View\View.php, line 591
Cake\Controller\Controller::render() - CORE\src\Controller\Controller.php, line 617
Cake\Http\ActionDispatcher::_invoke() - CORE\src\Http\ActionDispatcher.php, line 128
Cake\Http\ActionDispatcher::dispatch() - CORE\src\Http\ActionDispatcher.php, line 96
Cake\Http\BaseApplication::__invoke() - CORE\src\Http\BaseApplication.php, line 83
Cake\Http\Runner::__invoke() - CORE\src\Http\Runner.php, line 65
Cake\Routing\Middleware\RoutingMiddleware::__invoke() - CORE\src\Routing\Middleware\RoutingMiddleware.php, line 52
Cake\Http\Runner::__invoke() - CORE\src\Http\Runner.php, line 65
Cake\Routing\Middleware\AssetMiddleware::__invoke() - CORE\src\Routing\Middleware\AssetMiddleware.php, line 88
Cake\Http\Runner::__invoke() - CORE\src\Http\Runner.php, line 65
Cake\Error\Middleware\ErrorHandlerMiddleware::__invoke() - CORE\src\Error\Middleware\ErrorHandlerMiddleware.php, line 52
Cake\Http\Runner::__invoke() - CORE\src\Http\Runner.php, line 65
Cake\Http\Runner::run() - CORE\src\Http\Runner.php, line 51
Cake\Http\Server::run() - CORE\src\Http\Server.php, line 82
[main] - ROOT\webroot\index.php, line 37



2016-10-03 00:31:19 Notice: Notice (8): Undefined variable: cakeDescription in [D:\wamp64\www\matanatr\src\Template\Home\index.ctp, line 7]
Request URL: /matanatr/
Referer URL: http://localhost/matanatr/
Trace:
Cake\Error\BaseErrorHandler::handleError() - CORE\src\Error\BaseErrorHandler.php, line 146
include - APP/Template\Home\index.ctp, line 7
Cake\View\View::_evaluate() - CORE\src\View\View.php, line 1008
Cake\View\View::_render() - CORE\src\View\View.php, line 967
Cake\View\View::render() - CORE\src\View\View.php, line 591
Cake\Controller\Controller::render() - CORE\src\Controller\Controller.php, line 617
Cake\Http\ActionDispatcher::_invoke() - CORE\src\Http\ActionDispatcher.php, line 128
Cake\Http\ActionDispatcher::dispatch() - CORE\src\Http\ActionDispatcher.php, line 96
Cake\Http\BaseApplication::__invoke() - CORE\src\Http\BaseApplication.php, line 83
Cake\Http\Runner::__invoke() - CORE\src\Http\Runner.php, line 65
Cake\Routing\Middleware\RoutingMiddleware::__invoke() - CORE\src\Routing\Middleware\RoutingMiddleware.php, line 52
Cake\Http\Runner::__invoke() - CORE\src\Http\Runner.php, line 65
Cake\Routing\Middleware\AssetMiddleware::__invoke() - CORE\src\Routing\Middleware\AssetMiddleware.php, line 88
Cake\Http\Runner::__invoke() - CORE\src\Http\Runner.php, line 65
Cake\Error\Middleware\ErrorHandlerMiddleware::__invoke() - CORE\src\Error\Middleware\ErrorHandlerMiddleware.php, line 52
Cake\Http\Runner::__invoke() - CORE\src\Http\Runner.php, line 65
Cake\Http\Runner::run() - CORE\src\Http\Runner.php, line 51
Cake\Http\Server::run() - CORE\src\Http\Server.php, line 82
[main] - ROOT\webroot\index.php, line 37



2016-10-03 00:39:36 Notice: Notice (8): Undefined variable: cakeDescription in [D:\wamp64\www\matanatr\src\Template\Home\index.ctp, line 7]
Request URL: /matanatr/
Referer URL: http://localhost/matanatr/
Trace:
Cake\Error\BaseErrorHandler::handleError() - CORE\src\Error\BaseErrorHandler.php, line 146
include - APP/Template\Home\index.ctp, line 7
Cake\View\View::_evaluate() - CORE\src\View\View.php, line 1008
Cake\View\View::_render() - CORE\src\View\View.php, line 967
Cake\View\View::render() - CORE\src\View\View.php, line 591
Cake\Controller\Controller::render() - CORE\src\Controller\Controller.php, line 617
Cake\Http\ActionDispatcher::_invoke() - CORE\src\Http\ActionDispatcher.php, line 128
Cake\Http\ActionDispatcher::dispatch() - CORE\src\Http\ActionDispatcher.php, line 96
Cake\Http\BaseApplication::__invoke() - CORE\src\Http\BaseApplication.php, line 83
Cake\Http\Runner::__invoke() - CORE\src\Http\Runner.php, line 65
Cake\Routing\Middleware\RoutingMiddleware::__invoke() - CORE\src\Routing\Middleware\RoutingMiddleware.php, line 52
Cake\Http\Runner::__invoke() - CORE\src\Http\Runner.php, line 65
Cake\Routing\Middleware\AssetMiddleware::__invoke() - CORE\src\Routing\Middleware\AssetMiddleware.php, line 88
Cake\Http\Runner::__invoke() - CORE\src\Http\Runner.php, line 65
Cake\Error\Middleware\ErrorHandlerMiddleware::__invoke() - CORE\src\Error\Middleware\ErrorHandlerMiddleware.php, line 52
Cake\Http\Runner::__invoke() - CORE\src\Http\Runner.php, line 65
Cake\Http\Runner::run() - CORE\src\Http\Runner.php, line 51
Cake\Http\Server::run() - CORE\src\Http\Server.php, line 82
[main] - ROOT\webroot\index.php, line 37



2016-10-03 00:40:01 Notice: Notice (8): Undefined variable: cakeDescription in [D:\wamp64\www\matanatr\src\Template\Home\index.ctp, line 7]
Request URL: /matanatr/
Referer URL: http://localhost/matanatr/
Trace:
Cake\Error\BaseErrorHandler::handleError() - CORE\src\Error\BaseErrorHandler.php, line 146
include - APP/Template\Home\index.ctp, line 7
Cake\View\View::_evaluate() - CORE\src\View\View.php, line 1008
Cake\View\View::_render() - CORE\src\View\View.php, line 967
Cake\View\View::render() - CORE\src\View\View.php, line 591
Cake\Controller\Controller::render() - CORE\src\Controller\Controller.php, line 617
Cake\Http\ActionDispatcher::_invoke() - CORE\src\Http\ActionDispatcher.php, line 128
Cake\Http\ActionDispatcher::dispatch() - CORE\src\Http\ActionDispatcher.php, line 96
Cake\Http\BaseApplication::__invoke() - CORE\src\Http\BaseApplication.php, line 83
Cake\Http\Runner::__invoke() - CORE\src\Http\Runner.php, line 65
Cake\Routing\Middleware\RoutingMiddleware::__invoke() - CORE\src\Routing\Middleware\RoutingMiddleware.php, line 52
Cake\Http\Runner::__invoke() - CORE\src\Http\Runner.php, line 65
Cake\Routing\Middleware\AssetMiddleware::__invoke() - CORE\src\Routing\Middleware\AssetMiddleware.php, line 88
Cake\Http\Runner::__invoke() - CORE\src\Http\Runner.php, line 65
Cake\Error\Middleware\ErrorHandlerMiddleware::__invoke() - CORE\src\Error\Middleware\ErrorHandlerMiddleware.php, line 52
Cake\Http\Runner::__invoke() - CORE\src\Http\Runner.php, line 65
Cake\Http\Runner::run() - CORE\src\Http\Runner.php, line 51
Cake\Http\Server::run() - CORE\src\Http\Server.php, line 82
[main] - ROOT\webroot\index.php, line 37



2016-10-03 00:40:45 Notice: Notice (8): Undefined variable: cakeDescription in [D:\wamp64\www\matanatr\src\Template\Home\index.ctp, line 7]
Request URL: /matanatr/
Referer URL: http://localhost/matanatr/
Trace:
Cake\Error\BaseErrorHandler::handleError() - CORE\src\Error\BaseErrorHandler.php, line 146
include - APP/Template\Home\index.ctp, line 7
Cake\View\View::_evaluate() - CORE\src\View\View.php, line 1008
Cake\View\View::_render() - CORE\src\View\View.php, line 967
Cake\View\View::render() - CORE\src\View\View.php, line 591
Cake\Controller\Controller::render() - CORE\src\Controller\Controller.php, line 617
Cake\Http\ActionDispatcher::_invoke() - CORE\src\Http\ActionDispatcher.php, line 128
Cake\Http\ActionDispatcher::dispatch() - CORE\src\Http\ActionDispatcher.php, line 96
Cake\Http\BaseApplication::__invoke() - CORE\src\Http\BaseApplication.php, line 83
Cake\Http\Runner::__invoke() - CORE\src\Http\Runner.php, line 65
Cake\Routing\Middleware\RoutingMiddleware::__invoke() - CORE\src\Routing\Middleware\RoutingMiddleware.php, line 52
Cake\Http\Runner::__invoke() - CORE\src\Http\Runner.php, line 65
Cake\Routing\Middleware\AssetMiddleware::__invoke() - CORE\src\Routing\Middleware\AssetMiddleware.php, line 88
Cake\Http\Runner::__invoke() - CORE\src\Http\Runner.php, line 65
Cake\Error\Middleware\ErrorHandlerMiddleware::__invoke() - CORE\src\Error\Middleware\ErrorHandlerMiddleware.php, line 52
Cake\Http\Runner::__invoke() - CORE\src\Http\Runner.php, line 65
Cake\Http\Runner::run() - CORE\src\Http\Runner.php, line 51
Cake\Http\Server::run() - CORE\src\Http\Server.php, line 82
[main] - ROOT\webroot\index.php, line 37



2016-10-03 00:41:45 Notice: Notice (8): Undefined variable: cakeDescription in [D:\wamp64\www\matanatr\src\Template\Home\index.ctp, line 7]
Request URL: /matanatr/
Referer URL: http://localhost/matanatr/
Trace:
Cake\Error\BaseErrorHandler::handleError() - CORE\src\Error\BaseErrorHandler.php, line 146
include - APP/Template\Home\index.ctp, line 7
Cake\View\View::_evaluate() - CORE\src\View\View.php, line 1008
Cake\View\View::_render() - CORE\src\View\View.php, line 967
Cake\View\View::render() - CORE\src\View\View.php, line 591
Cake\Controller\Controller::render() - CORE\src\Controller\Controller.php, line 617
Cake\Http\ActionDispatcher::_invoke() - CORE\src\Http\ActionDispatcher.php, line 128
Cake\Http\ActionDispatcher::dispatch() - CORE\src\Http\ActionDispatcher.php, line 96
Cake\Http\BaseApplication::__invoke() - CORE\src\Http\BaseApplication.php, line 83
Cake\Http\Runner::__invoke() - CORE\src\Http\Runner.php, line 65
Cake\Routing\Middleware\RoutingMiddleware::__invoke() - CORE\src\Routing\Middleware\RoutingMiddleware.php, line 52
Cake\Http\Runner::__invoke() - CORE\src\Http\Runner.php, line 65
Cake\Routing\Middleware\AssetMiddleware::__invoke() - CORE\src\Routing\Middleware\AssetMiddleware.php, line 88
Cake\Http\Runner::__invoke() - CORE\src\Http\Runner.php, line 65
Cake\Error\Middleware\ErrorHandlerMiddleware::__invoke() - CORE\src\Error\Middleware\ErrorHandlerMiddleware.php, line 52
Cake\Http\Runner::__invoke() - CORE\src\Http\Runner.php, line 65
Cake\Http\Runner::run() - CORE\src\Http\Runner.php, line 51
Cake\Http\Server::run() - CORE\src\Http\Server.php, line 82
[main] - ROOT\webroot\index.php, line 37



2016-10-03 00:43:37 Notice: Notice (8): Undefined variable: cakeDescription in [D:\wamp64\www\matanatr\src\Template\Home\index.ctp, line 7]
Request URL: /matanatr/
Referer URL: http://localhost/matanatr/
Trace:
Cake\Error\BaseErrorHandler::handleError() - CORE\src\Error\BaseErrorHandler.php, line 146
include - APP/Template\Home\index.ctp, line 7
Cake\View\View::_evaluate() - CORE\src\View\View.php, line 1008
Cake\View\View::_render() - CORE\src\View\View.php, line 967
Cake\View\View::render() - CORE\src\View\View.php, line 591
Cake\Controller\Controller::render() - CORE\src\Controller\Controller.php, line 617
Cake\Http\ActionDispatcher::_invoke() - CORE\src\Http\ActionDispatcher.php, line 128
Cake\Http\ActionDispatcher::dispatch() - CORE\src\Http\ActionDispatcher.php, line 96
Cake\Http\BaseApplication::__invoke() - CORE\src\Http\BaseApplication.php, line 83
Cake\Http\Runner::__invoke() - CORE\src\Http\Runner.php, line 65
Cake\Routing\Middleware\RoutingMiddleware::__invoke() - CORE\src\Routing\Middleware\RoutingMiddleware.php, line 52
Cake\Http\Runner::__invoke() - CORE\src\Http\Runner.php, line 65
Cake\Routing\Middleware\AssetMiddleware::__invoke() - CORE\src\Routing\Middleware\AssetMiddleware.php, line 88
Cake\Http\Runner::__invoke() - CORE\src\Http\Runner.php, line 65
Cake\Error\Middleware\ErrorHandlerMiddleware::__invoke() - CORE\src\Error\Middleware\ErrorHandlerMiddleware.php, line 52
Cake\Http\Runner::__invoke() - CORE\src\Http\Runner.php, line 65
Cake\Http\Runner::run() - CORE\src\Http\Runner.php, line 51
Cake\Http\Server::run() - CORE\src\Http\Server.php, line 82
[main] - ROOT\webroot\index.php, line 37



2016-10-03 00:44:19 Notice: Notice (8): Undefined variable: cakeDescription in [D:\wamp64\www\matanatr\src\Template\Home\index.ctp, line 7]
Request URL: /matanatr/
Referer URL: http://localhost/matanatr/
Trace:
Cake\Error\BaseErrorHandler::handleError() - CORE\src\Error\BaseErrorHandler.php, line 146
include - APP/Template\Home\index.ctp, line 7
Cake\View\View::_evaluate() - CORE\src\View\View.php, line 1008
Cake\View\View::_render() - CORE\src\View\View.php, line 967
Cake\View\View::render() - CORE\src\View\View.php, line 591
Cake\Controller\Controller::render() - CORE\src\Controller\Controller.php, line 617
Cake\Http\ActionDispatcher::_invoke() - CORE\src\Http\ActionDispatcher.php, line 128
Cake\Http\ActionDispatcher::dispatch() - CORE\src\Http\ActionDispatcher.php, line 96
Cake\Http\BaseApplication::__invoke() - CORE\src\Http\BaseApplication.php, line 83
Cake\Http\Runner::__invoke() - CORE\src\Http\Runner.php, line 65
Cake\Routing\Middleware\RoutingMiddleware::__invoke() - CORE\src\Routing\Middleware\RoutingMiddleware.php, line 52
Cake\Http\Runner::__invoke() - CORE\src\Http\Runner.php, line 65
Cake\Routing\Middleware\AssetMiddleware::__invoke() - CORE\src\Routing\Middleware\AssetMiddleware.php, line 88
Cake\Http\Runner::__invoke() - CORE\src\Http\Runner.php, line 65
Cake\Error\Middleware\ErrorHandlerMiddleware::__invoke() - CORE\src\Error\Middleware\ErrorHandlerMiddleware.php, line 52
Cake\Http\Runner::__invoke() - CORE\src\Http\Runner.php, line 65
Cake\Http\Runner::run() - CORE\src\Http\Runner.php, line 51
Cake\Http\Server::run() - CORE\src\Http\Server.php, line 82
[main] - ROOT\webroot\index.php, line 37



2016-10-03 00:46:50 Notice: Notice (8): Undefined variable: cakeDescription in [D:\wamp64\www\matanatr\src\Template\Home\index.ctp, line 6]
Request URL: /matanatr/
Referer URL: http://localhost/matanatr/
Trace:
Cake\Error\BaseErrorHandler::handleError() - CORE\src\Error\BaseErrorHandler.php, line 146
include - APP/Template\Home\index.ctp, line 6
Cake\View\View::_evaluate() - CORE\src\View\View.php, line 1008
Cake\View\View::_render() - CORE\src\View\View.php, line 967
Cake\View\View::render() - CORE\src\View\View.php, line 591
Cake\Controller\Controller::render() - CORE\src\Controller\Controller.php, line 617
Cake\Http\ActionDispatcher::_invoke() - CORE\src\Http\ActionDispatcher.php, line 128
Cake\Http\ActionDispatcher::dispatch() - CORE\src\Http\ActionDispatcher.php, line 96
Cake\Http\BaseApplication::__invoke() - CORE\src\Http\BaseApplication.php, line 83
Cake\Http\Runner::__invoke() - CORE\src\Http\Runner.php, line 65
Cake\Routing\Middleware\RoutingMiddleware::__invoke() - CORE\src\Routing\Middleware\RoutingMiddleware.php, line 52
Cake\Http\Runner::__invoke() - CORE\src\Http\Runner.php, line 65
Cake\Routing\Middleware\AssetMiddleware::__invoke() - CORE\src\Routing\Middleware\AssetMiddleware.php, line 88
Cake\Http\Runner::__invoke() - CORE\src\Http\Runner.php, line 65
Cake\Error\Middleware\ErrorHandlerMiddleware::__invoke() - CORE\src\Error\Middleware\ErrorHandlerMiddleware.php, line 52
Cake\Http\Runner::__invoke() - CORE\src\Http\Runner.php, line 65
Cake\Http\Runner::run() - CORE\src\Http\Runner.php, line 51
Cake\Http\Server::run() - CORE\src\Http\Server.php, line 82
[main] - ROOT\webroot\index.php, line 37



2016-10-03 00:46:53 Notice: Notice (8): Undefined variable: cakeDescription in [D:\wamp64\www\matanatr\src\Template\Home\index.ctp, line 6]
Request URL: /matanatr/
Referer URL: http://localhost/matanatr/
Trace:
Cake\Error\BaseErrorHandler::handleError() - CORE\src\Error\BaseErrorHandler.php, line 146
include - APP/Template\Home\index.ctp, line 6
Cake\View\View::_evaluate() - CORE\src\View\View.php, line 1008
Cake\View\View::_render() - CORE\src\View\View.php, line 967
Cake\View\View::render() - CORE\src\View\View.php, line 591
Cake\Controller\Controller::render() - CORE\src\Controller\Controller.php, line 617
Cake\Http\ActionDispatcher::_invoke() - CORE\src\Http\ActionDispatcher.php, line 128
Cake\Http\ActionDispatcher::dispatch() - CORE\src\Http\ActionDispatcher.php, line 96
Cake\Http\BaseApplication::__invoke() - CORE\src\Http\BaseApplication.php, line 83
Cake\Http\Runner::__invoke() - CORE\src\Http\Runner.php, line 65
Cake\Routing\Middleware\RoutingMiddleware::__invoke() - CORE\src\Routing\Middleware\RoutingMiddleware.php, line 52
Cake\Http\Runner::__invoke() - CORE\src\Http\Runner.php, line 65
Cake\Routing\Middleware\AssetMiddleware::__invoke() - CORE\src\Routing\Middleware\AssetMiddleware.php, line 88
Cake\Http\Runner::__invoke() - CORE\src\Http\Runner.php, line 65
Cake\Error\Middleware\ErrorHandlerMiddleware::__invoke() - CORE\src\Error\Middleware\ErrorHandlerMiddleware.php, line 52
Cake\Http\Runner::__invoke() - CORE\src\Http\Runner.php, line 65
Cake\Http\Runner::run() - CORE\src\Http\Runner.php, line 51
Cake\Http\Server::run() - CORE\src\Http\Server.php, line 82
[main] - ROOT\webroot\index.php, line 37



2016-10-03 00:46:56 Notice: Notice (8): Undefined variable: cakeDescription in [D:\wamp64\www\matanatr\src\Template\Home\index.ctp, line 6]
Request URL: /matanatr/
Referer URL: http://localhost/matanatr/
Trace:
Cake\Error\BaseErrorHandler::handleError() - CORE\src\Error\BaseErrorHandler.php, line 146
include - APP/Template\Home\index.ctp, line 6
Cake\View\View::_evaluate() - CORE\src\View\View.php, line 1008
Cake\View\View::_render() - CORE\src\View\View.php, line 967
Cake\View\View::render() - CORE\src\View\View.php, line 591
Cake\Controller\Controller::render() - CORE\src\Controller\Controller.php, line 617
Cake\Http\ActionDispatcher::_invoke() - CORE\src\Http\ActionDispatcher.php, line 128
Cake\Http\ActionDispatcher::dispatch() - CORE\src\Http\ActionDispatcher.php, line 96
Cake\Http\BaseApplication::__invoke() - CORE\src\Http\BaseApplication.php, line 83
Cake\Http\Runner::__invoke() - CORE\src\Http\Runner.php, line 65
Cake\Routing\Middleware\RoutingMiddleware::__invoke() - CORE\src\Routing\Middleware\RoutingMiddleware.php, line 52
Cake\Http\Runner::__invoke() - CORE\src\Http\Runner.php, line 65
Cake\Routing\Middleware\AssetMiddleware::__invoke() - CORE\src\Routing\Middleware\AssetMiddleware.php, line 88
Cake\Http\Runner::__invoke() - CORE\src\Http\Runner.php, line 65
Cake\Error\Middleware\ErrorHandlerMiddleware::__invoke() - CORE\src\Error\Middleware\ErrorHandlerMiddleware.php, line 52
Cake\Http\Runner::__invoke() - CORE\src\Http\Runner.php, line 65
Cake\Http\Runner::run() - CORE\src\Http\Runner.php, line 51
Cake\Http\Server::run() - CORE\src\Http\Server.php, line 82
[main] - ROOT\webroot\index.php, line 37



2016-10-03 00:50:58 Notice: Notice (8): Undefined variable: cakeDescription in [D:\wamp64\www\matanatr\src\Template\Home\index.ctp, line 7]
Request URL: /matanatr/
Referer URL: http://localhost/matanatr/
Trace:
Cake\Error\BaseErrorHandler::handleError() - CORE\src\Error\BaseErrorHandler.php, line 146
include - APP/Template\Home\index.ctp, line 7
Cake\View\View::_evaluate() - CORE\src\View\View.php, line 1008
Cake\View\View::_render() - CORE\src\View\View.php, line 967
Cake\View\View::render() - CORE\src\View\View.php, line 591
Cake\Controller\Controller::render() - CORE\src\Controller\Controller.php, line 617
Cake\Http\ActionDispatcher::_invoke() - CORE\src\Http\ActionDispatcher.php, line 128
Cake\Http\ActionDispatcher::dispatch() - CORE\src\Http\ActionDispatcher.php, line 96
Cake\Http\BaseApplication::__invoke() - CORE\src\Http\BaseApplication.php, line 83
Cake\Http\Runner::__invoke() - CORE\src\Http\Runner.php, line 65
Cake\Routing\Middleware\RoutingMiddleware::__invoke() - CORE\src\Routing\Middleware\RoutingMiddleware.php, line 52
Cake\Http\Runner::__invoke() - CORE\src\Http\Runner.php, line 65
Cake\Routing\Middleware\AssetMiddleware::__invoke() - CORE\src\Routing\Middleware\AssetMiddleware.php, line 88
Cake\Http\Runner::__invoke() - CORE\src\Http\Runner.php, line 65
Cake\Error\Middleware\ErrorHandlerMiddleware::__invoke() - CORE\src\Error\Middleware\ErrorHandlerMiddleware.php, line 52
Cake\Http\Runner::__invoke() - CORE\src\Http\Runner.php, line 65
Cake\Http\Runner::run() - CORE\src\Http\Runner.php, line 51
Cake\Http\Server::run() - CORE\src\Http\Server.php, line 82
[main] - ROOT\webroot\index.php, line 37



2016-10-09 23:19:38 Notice: Notice (8): Undefined variable: cakeDescription in [D:\wamp64\www\matanatr\src\Template\Home\index.ctp, line 7]
Request URL: /matanatr/
Trace:
Cake\Error\BaseErrorHandler::handleError() - CORE\src\Error\BaseErrorHandler.php, line 146
include - APP/Template\Home\index.ctp, line 7
Cake\View\View::_evaluate() - CORE\src\View\View.php, line 1008
Cake\View\View::_render() - CORE\src\View\View.php, line 967
Cake\View\View::render() - CORE\src\View\View.php, line 591
Cake\Controller\Controller::render() - CORE\src\Controller\Controller.php, line 617
Cake\Http\ActionDispatcher::_invoke() - CORE\src\Http\ActionDispatcher.php, line 128
Cake\Http\ActionDispatcher::dispatch() - CORE\src\Http\ActionDispatcher.php, line 96
Cake\Http\BaseApplication::__invoke() - CORE\src\Http\BaseApplication.php, line 83
Cake\Http\Runner::__invoke() - CORE\src\Http\Runner.php, line 65
Cake\Routing\Middleware\RoutingMiddleware::__invoke() - CORE\src\Routing\Middleware\RoutingMiddleware.php, line 52
Cake\Http\Runner::__invoke() - CORE\src\Http\Runner.php, line 65
Cake\Routing\Middleware\AssetMiddleware::__invoke() - CORE\src\Routing\Middleware\AssetMiddleware.php, line 88
Cake\Http\Runner::__invoke() - CORE\src\Http\Runner.php, line 65
Cake\Error\Middleware\ErrorHandlerMiddleware::__invoke() - CORE\src\Error\Middleware\ErrorHandlerMiddleware.php, line 52
Cake\Http\Runner::__invoke() - CORE\src\Http\Runner.php, line 65
Cake\Http\Runner::run() - CORE\src\Http\Runner.php, line 51
Cake\Http\Server::run() - CORE\src\Http\Server.php, line 82
[main] - ROOT\webroot\index.php, line 37



2016-10-09 23:41:55 Notice: Notice (8): Undefined variable: cakeDescription in [D:\wamp64\www\matanatr\src\Template\Home\index.ctp, line 7]
Request URL: /matanatr/
Trace:
Cake\Error\BaseErrorHandler::handleError() - CORE\src\Error\BaseErrorHandler.php, line 146
include - APP/Template\Home\index.ctp, line 7
Cake\View\View::_evaluate() - CORE\src\View\View.php, line 1008
Cake\View\View::_render() - CORE\src\View\View.php, line 967
Cake\View\View::render() - CORE\src\View\View.php, line 591
Cake\Controller\Controller::render() - CORE\src\Controller\Controller.php, line 617
Cake\Http\ActionDispatcher::_invoke() - CORE\src\Http\ActionDispatcher.php, line 128
Cake\Http\ActionDispatcher::dispatch() - CORE\src\Http\ActionDispatcher.php, line 96
Cake\Http\BaseApplication::__invoke() - CORE\src\Http\BaseApplication.php, line 83
Cake\Http\Runner::__invoke() - CORE\src\Http\Runner.php, line 65
Cake\Routing\Middleware\RoutingMiddleware::__invoke() - CORE\src\Routing\Middleware\RoutingMiddleware.php, line 52
Cake\Http\Runner::__invoke() - CORE\src\Http\Runner.php, line 65
Cake\Routing\Middleware\AssetMiddleware::__invoke() - CORE\src\Routing\Middleware\AssetMiddleware.php, line 88
Cake\Http\Runner::__invoke() - CORE\src\Http\Runner.php, line 65
Cake\Error\Middleware\ErrorHandlerMiddleware::__invoke() - CORE\src\Error\Middleware\ErrorHandlerMiddleware.php, line 52
Cake\Http\Runner::__invoke() - CORE\src\Http\Runner.php, line 65
Cake\Http\Runner::run() - CORE\src\Http\Runner.php, line 51
Cake\Http\Server::run() - CORE\src\Http\Server.php, line 82
[main] - ROOT\webroot\index.php, line 37



2016-10-09 23:42:42 Notice: Notice (8): Undefined variable: cakeDescription in [D:\wamp64\www\matanatr\src\Template\Home\index.ctp, line 7]
Request URL: /matanatr/
Trace:
Cake\Error\BaseErrorHandler::handleError() - CORE\src\Error\BaseErrorHandler.php, line 146
include - APP/Template\Home\index.ctp, line 7
Cake\View\View::_evaluate() - CORE\src\View\View.php, line 1008
Cake\View\View::_render() - CORE\src\View\View.php, line 967
Cake\View\View::render() - CORE\src\View\View.php, line 591
Cake\Controller\Controller::render() - CORE\src\Controller\Controller.php, line 617
Cake\Http\ActionDispatcher::_invoke() - CORE\src\Http\ActionDispatcher.php, line 128
Cake\Http\ActionDispatcher::dispatch() - CORE\src\Http\ActionDispatcher.php, line 96
Cake\Http\BaseApplication::__invoke() - CORE\src\Http\BaseApplication.php, line 83
Cake\Http\Runner::__invoke() - CORE\src\Http\Runner.php, line 65
Cake\Routing\Middleware\RoutingMiddleware::__invoke() - CORE\src\Routing\Middleware\RoutingMiddleware.php, line 52
Cake\Http\Runner::__invoke() - CORE\src\Http\Runner.php, line 65
Cake\Routing\Middleware\AssetMiddleware::__invoke() - CORE\src\Routing\Middleware\AssetMiddleware.php, line 88
Cake\Http\Runner::__invoke() - CORE\src\Http\Runner.php, line 65
Cake\Error\Middleware\ErrorHandlerMiddleware::__invoke() - CORE\src\Error\Middleware\ErrorHandlerMiddleware.php, line 52
Cake\Http\Runner::__invoke() - CORE\src\Http\Runner.php, line 65
Cake\Http\Runner::run() - CORE\src\Http\Runner.php, line 51
Cake\Http\Server::run() - CORE\src\Http\Server.php, line 82
[main] - ROOT\webroot\index.php, line 37



2016-10-09 23:42:46 Notice: Notice (8): Undefined variable: cakeDescription in [D:\wamp64\www\matanatr\src\Template\Home\index.ctp, line 7]
Request URL: /matanatr/
Trace:
Cake\Error\BaseErrorHandler::handleError() - CORE\src\Error\BaseErrorHandler.php, line 146
include - APP/Template\Home\index.ctp, line 7
Cake\View\View::_evaluate() - CORE\src\View\View.php, line 1008
Cake\View\View::_render() - CORE\src\View\View.php, line 967
Cake\View\View::render() - CORE\src\View\View.php, line 591
Cake\Controller\Controller::render() - CORE\src\Controller\Controller.php, line 617
Cake\Http\ActionDispatcher::_invoke() - CORE\src\Http\ActionDispatcher.php, line 128
Cake\Http\ActionDispatcher::dispatch() - CORE\src\Http\ActionDispatcher.php, line 96
Cake\Http\BaseApplication::__invoke() - CORE\src\Http\BaseApplication.php, line 83
Cake\Http\Runner::__invoke() - CORE\src\Http\Runner.php, line 65
Cake\Routing\Middleware\RoutingMiddleware::__invoke() - CORE\src\Routing\Middleware\RoutingMiddleware.php, line 52
Cake\Http\Runner::__invoke() - CORE\src\Http\Runner.php, line 65
Cake\Routing\Middleware\AssetMiddleware::__invoke() - CORE\src\Routing\Middleware\AssetMiddleware.php, line 88
Cake\Http\Runner::__invoke() - CORE\src\Http\Runner.php, line 65
Cake\Error\Middleware\ErrorHandlerMiddleware::__invoke() - CORE\src\Error\Middleware\ErrorHandlerMiddleware.php, line 52
Cake\Http\Runner::__invoke() - CORE\src\Http\Runner.php, line 65
Cake\Http\Runner::run() - CORE\src\Http\Runner.php, line 51
Cake\Http\Server::run() - CORE\src\Http\Server.php, line 82
[main] - ROOT\webroot\index.php, line 37



2016-10-09 23:42:54 Notice: Notice (8): Undefined variable: cakeDescription in [D:\wamp64\www\matanatr\src\Template\Home\index.ctp, line 7]
Request URL: /matanatr/
Trace:
Cake\Error\BaseErrorHandler::handleError() - CORE\src\Error\BaseErrorHandler.php, line 146
include - APP/Template\Home\index.ctp, line 7
Cake\View\View::_evaluate() - CORE\src\View\View.php, line 1008
Cake\View\View::_render() - CORE\src\View\View.php, line 967
Cake\View\View::render() - CORE\src\View\View.php, line 591
Cake\Controller\Controller::render() - CORE\src\Controller\Controller.php, line 617
Cake\Http\ActionDispatcher::_invoke() - CORE\src\Http\ActionDispatcher.php, line 128
Cake\Http\ActionDispatcher::dispatch() - CORE\src\Http\ActionDispatcher.php, line 96
Cake\Http\BaseApplication::__invoke() - CORE\src\Http\BaseApplication.php, line 83
Cake\Http\Runner::__invoke() - CORE\src\Http\Runner.php, line 65
Cake\Routing\Middleware\RoutingMiddleware::__invoke() - CORE\src\Routing\Middleware\RoutingMiddleware.php, line 52
Cake\Http\Runner::__invoke() - CORE\src\Http\Runner.php, line 65
Cake\Routing\Middleware\AssetMiddleware::__invoke() - CORE\src\Routing\Middleware\AssetMiddleware.php, line 88
Cake\Http\Runner::__invoke() - CORE\src\Http\Runner.php, line 65
Cake\Error\Middleware\ErrorHandlerMiddleware::__invoke() - CORE\src\Error\Middleware\ErrorHandlerMiddleware.php, line 52
Cake\Http\Runner::__invoke() - CORE\src\Http\Runner.php, line 65
Cake\Http\Runner::run() - CORE\src\Http\Runner.php, line 51
Cake\Http\Server::run() - CORE\src\Http\Server.php, line 82
[main] - ROOT\webroot\index.php, line 37



2016-10-09 23:44:27 Notice: Notice (8): Undefined variable: cakeDescription in [D:\wamp64\www\matanatr\src\Template\Home\index.ctp, line 7]
Request URL: /matanatr/
Trace:
Cake\Error\BaseErrorHandler::handleError() - CORE\src\Error\BaseErrorHandler.php, line 146
include - APP/Template\Home\index.ctp, line 7
Cake\View\View::_evaluate() - CORE\src\View\View.php, line 1008
Cake\View\View::_render() - CORE\src\View\View.php, line 967
Cake\View\View::render() - CORE\src\View\View.php, line 591
Cake\Controller\Controller::render() - CORE\src\Controller\Controller.php, line 617
Cake\Http\ActionDispatcher::_invoke() - CORE\src\Http\ActionDispatcher.php, line 128
Cake\Http\ActionDispatcher::dispatch() - CORE\src\Http\ActionDispatcher.php, line 96
Cake\Http\BaseApplication::__invoke() - CORE\src\Http\BaseApplication.php, line 83
Cake\Http\Runner::__invoke() - CORE\src\Http\Runner.php, line 65
Cake\Routing\Middleware\RoutingMiddleware::__invoke() - CORE\src\Routing\Middleware\RoutingMiddleware.php, line 52
Cake\Http\Runner::__invoke() - CORE\src\Http\Runner.php, line 65
Cake\Routing\Middleware\AssetMiddleware::__invoke() - CORE\src\Routing\Middleware\AssetMiddleware.php, line 88
Cake\Http\Runner::__invoke() - CORE\src\Http\Runner.php, line 65
Cake\Error\Middleware\ErrorHandlerMiddleware::__invoke() - CORE\src\Error\Middleware\ErrorHandlerMiddleware.php, line 52
Cake\Http\Runner::__invoke() - CORE\src\Http\Runner.php, line 65
Cake\Http\Runner::run() - CORE\src\Http\Runner.php, line 51
Cake\Http\Server::run() - CORE\src\Http\Server.php, line 82
[main] - ROOT\webroot\index.php, line 37



2016-10-09 23:46:22 Notice: Notice (8): Undefined variable: cakeDescription in [D:\wamp64\www\matanatr\src\Template\Home\index.ctp, line 7]
Request URL: /matanatr/
Trace:
Cake\Error\BaseErrorHandler::handleError() - CORE\src\Error\BaseErrorHandler.php, line 146
include - APP/Template\Home\index.ctp, line 7
Cake\View\View::_evaluate() - CORE\src\View\View.php, line 1008
Cake\View\View::_render() - CORE\src\View\View.php, line 967
Cake\View\View::render() - CORE\src\View\View.php, line 591
Cake\Controller\Controller::render() - CORE\src\Controller\Controller.php, line 617
Cake\Http\ActionDispatcher::_invoke() - CORE\src\Http\ActionDispatcher.php, line 128
Cake\Http\ActionDispatcher::dispatch() - CORE\src\Http\ActionDispatcher.php, line 96
Cake\Http\BaseApplication::__invoke() - CORE\src\Http\BaseApplication.php, line 83
Cake\Http\Runner::__invoke() - CORE\src\Http\Runner.php, line 65
Cake\Routing\Middleware\RoutingMiddleware::__invoke() - CORE\src\Routing\Middleware\RoutingMiddleware.php, line 52
Cake\Http\Runner::__invoke() - CORE\src\Http\Runner.php, line 65
Cake\Routing\Middleware\AssetMiddleware::__invoke() - CORE\src\Routing\Middleware\AssetMiddleware.php, line 88
Cake\Http\Runner::__invoke() - CORE\src\Http\Runner.php, line 65
Cake\Error\Middleware\ErrorHandlerMiddleware::__invoke() - CORE\src\Error\Middleware\ErrorHandlerMiddleware.php, line 52
Cake\Http\Runner::__invoke() - CORE\src\Http\Runner.php, line 65
Cake\Http\Runner::run() - CORE\src\Http\Runner.php, line 51
Cake\Http\Server::run() - CORE\src\Http\Server.php, line 82
[main] - ROOT\webroot\index.php, line 37



2016-10-09 23:46:22 Notice: Notice (8): Array to string conversion in [D:\wamp64\www\matanatr\src\Template\Home\index.ctp, line 16]
Request URL: /matanatr/
Trace:
Cake\Error\BaseErrorHandler::handleError() - CORE\src\Error\BaseErrorHandler.php, line 146
include - APP/Template\Home\index.ctp, line 16
Cake\View\View::_evaluate() - CORE\src\View\View.php, line 1008
Cake\View\View::_render() - CORE\src\View\View.php, line 967
Cake\View\View::render() - CORE\src\View\View.php, line 591
Cake\Controller\Controller::render() - CORE\src\Controller\Controller.php, line 617
Cake\Http\ActionDispatcher::_invoke() - CORE\src\Http\ActionDispatcher.php, line 128
Cake\Http\ActionDispatcher::dispatch() - CORE\src\Http\ActionDispatcher.php, line 96
Cake\Http\BaseApplication::__invoke() - CORE\src\Http\BaseApplication.php, line 83
Cake\Http\Runner::__invoke() - CORE\src\Http\Runner.php, line 65
Cake\Routing\Middleware\RoutingMiddleware::__invoke() - CORE\src\Routing\Middleware\RoutingMiddleware.php, line 52
Cake\Http\Runner::__invoke() - CORE\src\Http\Runner.php, line 65
Cake\Routing\Middleware\AssetMiddleware::__invoke() - CORE\src\Routing\Middleware\AssetMiddleware.php, line 88
Cake\Http\Runner::__invoke() - CORE\src\Http\Runner.php, line 65
Cake\Error\Middleware\ErrorHandlerMiddleware::__invoke() - CORE\src\Error\Middleware\ErrorHandlerMiddleware.php, line 52
Cake\Http\Runner::__invoke() - CORE\src\Http\Runner.php, line 65
Cake\Http\Runner::run() - CORE\src\Http\Runner.php, line 51
Cake\Http\Server::run() - CORE\src\Http\Server.php, line 82
[main] - ROOT\webroot\index.php, line 37



2016-10-11 00:50:01 Notice: Notice (8): Undefined variable: cakeDescription in [D:\wamp64\www\matanatr\src\Template\Home\index.ctp, line 7]
Request URL: /matanatr/
Trace:
Cake\Error\BaseErrorHandler::handleError() - CORE\src\Error\BaseErrorHandler.php, line 146
include - APP/Template\Home\index.ctp, line 7
Cake\View\View::_evaluate() - CORE\src\View\View.php, line 1008
Cake\View\View::_render() - CORE\src\View\View.php, line 967
Cake\View\View::render() - CORE\src\View\View.php, line 591
Cake\Controller\Controller::render() - CORE\src\Controller\Controller.php, line 617
Cake\Http\ActionDispatcher::_invoke() - CORE\src\Http\ActionDispatcher.php, line 128
Cake\Http\ActionDispatcher::dispatch() - CORE\src\Http\ActionDispatcher.php, line 96
Cake\Http\BaseApplication::__invoke() - CORE\src\Http\BaseApplication.php, line 83
Cake\Http\Runner::__invoke() - CORE\src\Http\Runner.php, line 65
Cake\Routing\Middleware\RoutingMiddleware::__invoke() - CORE\src\Routing\Middleware\RoutingMiddleware.php, line 52
Cake\Http\Runner::__invoke() - CORE\src\Http\Runner.php, line 65
Cake\Routing\Middleware\AssetMiddleware::__invoke() - CORE\src\Routing\Middleware\AssetMiddleware.php, line 88
Cake\Http\Runner::__invoke() - CORE\src\Http\Runner.php, line 65
Cake\Error\Middleware\ErrorHandlerMiddleware::__invoke() - CORE\src\Error\Middleware\ErrorHandlerMiddleware.php, line 52
Cake\Http\Runner::__invoke() - CORE\src\Http\Runner.php, line 65
Cake\Http\Runner::run() - CORE\src\Http\Runner.php, line 51
Cake\Http\Server::run() - CORE\src\Http\Server.php, line 82
[main] - ROOT\webroot\index.php, line 37



2016-10-11 00:56:07 Notice: Notice (8): Undefined variable: cakeDescription in [D:\wamp64\www\matanatr\src\Template\Home\index.ctp, line 7]
Request URL: /matanatr/
Trace:
Cake\Error\BaseErrorHandler::handleError() - CORE\src\Error\BaseErrorHandler.php, line 146
include - APP/Template\Home\index.ctp, line 7
Cake\View\View::_evaluate() - CORE\src\View\View.php, line 1008
Cake\View\View::_render() - CORE\src\View\View.php, line 967
Cake\View\View::render() - CORE\src\View\View.php, line 591
Cake\Controller\Controller::render() - CORE\src\Controller\Controller.php, line 617
Cake\Http\ActionDispatcher::_invoke() - CORE\src\Http\ActionDispatcher.php, line 128
Cake\Http\ActionDispatcher::dispatch() - CORE\src\Http\ActionDispatcher.php, line 96
Cake\Http\BaseApplication::__invoke() - CORE\src\Http\BaseApplication.php, line 83
Cake\Http\Runner::__invoke() - CORE\src\Http\Runner.php, line 65
Cake\Routing\Middleware\RoutingMiddleware::__invoke() - CORE\src\Routing\Middleware\RoutingMiddleware.php, line 52
Cake\Http\Runner::__invoke() - CORE\src\Http\Runner.php, line 65
Cake\Routing\Middleware\AssetMiddleware::__invoke() - CORE\src\Routing\Middleware\AssetMiddleware.php, line 88
Cake\Http\Runner::__invoke() - CORE\src\Http\Runner.php, line 65
Cake\Error\Middleware\ErrorHandlerMiddleware::__invoke() - CORE\src\Error\Middleware\ErrorHandlerMiddleware.php, line 52
Cake\Http\Runner::__invoke() - CORE\src\Http\Runner.php, line 65
Cake\Http\Runner::run() - CORE\src\Http\Runner.php, line 51
Cake\Http\Server::run() - CORE\src\Http\Server.php, line 82
[main] - ROOT\webroot\index.php, line 37



2016-10-11 01:02:57 Notice: Notice (8): Undefined variable: cakeDescription in [D:\wamp64\www\matanatr\src\Template\Home\index.ctp, line 7]
Request URL: /matanatr/
Trace:
Cake\Error\BaseErrorHandler::handleError() - CORE\src\Error\BaseErrorHandler.php, line 146
include - APP/Template\Home\index.ctp, line 7
Cake\View\View::_evaluate() - CORE\src\View\View.php, line 1008
Cake\View\View::_render() - CORE\src\View\View.php, line 967
Cake\View\View::render() - CORE\src\View\View.php, line 591
Cake\Controller\Controller::render() - CORE\src\Controller\Controller.php, line 617
Cake\Http\ActionDispatcher::_invoke() - CORE\src\Http\ActionDispatcher.php, line 128
Cake\Http\ActionDispatcher::dispatch() - CORE\src\Http\ActionDispatcher.php, line 96
Cake\Http\BaseApplication::__invoke() - CORE\src\Http\BaseApplication.php, line 83
Cake\Http\Runner::__invoke() - CORE\src\Http\Runner.php, line 65
Cake\Routing\Middleware\RoutingMiddleware::__invoke() - CORE\src\Routing\Middleware\RoutingMiddleware.php, line 52
Cake\Http\Runner::__invoke() - CORE\src\Http\Runner.php, line 65
Cake\Routing\Middleware\AssetMiddleware::__invoke() - CORE\src\Routing\Middleware\AssetMiddleware.php, line 88
Cake\Http\Runner::__invoke() - CORE\src\Http\Runner.php, line 65
Cake\Error\Middleware\ErrorHandlerMiddleware::__invoke() - CORE\src\Error\Middleware\ErrorHandlerMiddleware.php, line 52
Cake\Http\Runner::__invoke() - CORE\src\Http\Runner.php, line 65
Cake\Http\Runner::run() - CORE\src\Http\Runner.php, line 51
Cake\Http\Server::run() - CORE\src\Http\Server.php, line 82
[main] - ROOT\webroot\index.php, line 37



2016-10-11 01:08:02 Notice: Notice (8): Undefined variable: cakeDescription in [D:\wamp64\www\matanatr\src\Template\Home\index.ctp, line 7]
Request URL: /matanatr/
Trace:
Cake\Error\BaseErrorHandler::handleError() - CORE\src\Error\BaseErrorHandler.php, line 146
include - APP/Template\Home\index.ctp, line 7
Cake\View\View::_evaluate() - CORE\src\View\View.php, line 1008
Cake\View\View::_render() - CORE\src\View\View.php, line 967
Cake\View\View::render() - CORE\src\View\View.php, line 591
Cake\Controller\Controller::render() - CORE\src\Controller\Controller.php, line 617
Cake\Http\ActionDispatcher::_invoke() - CORE\src\Http\ActionDispatcher.php, line 128
Cake\Http\ActionDispatcher::dispatch() - CORE\src\Http\ActionDispatcher.php, line 96
Cake\Http\BaseApplication::__invoke() - CORE\src\Http\BaseApplication.php, line 83
Cake\Http\Runner::__invoke() - CORE\src\Http\Runner.php, line 65
Cake\Routing\Middleware\RoutingMiddleware::__invoke() - CORE\src\Routing\Middleware\RoutingMiddleware.php, line 52
Cake\Http\Runner::__invoke() - CORE\src\Http\Runner.php, line 65
Cake\Routing\Middleware\AssetMiddleware::__invoke() - CORE\src\Routing\Middleware\AssetMiddleware.php, line 88
Cake\Http\Runner::__invoke() - CORE\src\Http\Runner.php, line 65
Cake\Error\Middleware\ErrorHandlerMiddleware::__invoke() - CORE\src\Error\Middleware\ErrorHandlerMiddleware.php, line 52
Cake\Http\Runner::__invoke() - CORE\src\Http\Runner.php, line 65
Cake\Http\Runner::run() - CORE\src\Http\Runner.php, line 51
Cake\Http\Server::run() - CORE\src\Http\Server.php, line 82
[main] - ROOT\webroot\index.php, line 37



2016-10-11 01:09:04 Notice: Notice (8): Undefined variable: cakeDescription in [D:\wamp64\www\matanatr\src\Template\Home\index.ctp, line 7]
Request URL: /matanatr/
Trace:
Cake\Error\BaseErrorHandler::handleError() - CORE\src\Error\BaseErrorHandler.php, line 146
include - APP/Template\Home\index.ctp, line 7
Cake\View\View::_evaluate() - CORE\src\View\View.php, line 1008
Cake\View\View::_render() - CORE\src\View\View.php, line 967
Cake\View\View::render() - CORE\src\View\View.php, line 591
Cake\Controller\Controller::render() - CORE\src\Controller\Controller.php, line 617
Cake\Http\ActionDispatcher::_invoke() - CORE\src\Http\ActionDispatcher.php, line 128
Cake\Http\ActionDispatcher::dispatch() - CORE\src\Http\ActionDispatcher.php, line 96
Cake\Http\BaseApplication::__invoke() - CORE\src\Http\BaseApplication.php, line 83
Cake\Http\Runner::__invoke() - CORE\src\Http\Runner.php, line 65
Cake\Routing\Middleware\RoutingMiddleware::__invoke() - CORE\src\Routing\Middleware\RoutingMiddleware.php, line 52
Cake\Http\Runner::__invoke() - CORE\src\Http\Runner.php, line 65
Cake\Routing\Middleware\AssetMiddleware::__invoke() - CORE\src\Routing\Middleware\AssetMiddleware.php, line 88
Cake\Http\Runner::__invoke() - CORE\src\Http\Runner.php, line 65
Cake\Error\Middleware\ErrorHandlerMiddleware::__invoke() - CORE\src\Error\Middleware\ErrorHandlerMiddleware.php, line 52
Cake\Http\Runner::__invoke() - CORE\src\Http\Runner.php, line 65
Cake\Http\Runner::run() - CORE\src\Http\Runner.php, line 51
Cake\Http\Server::run() - CORE\src\Http\Server.php, line 82
[main] - ROOT\webroot\index.php, line 37



2016-10-11 01:10:47 Notice: Notice (8): Undefined variable: cakeDescription in [D:\wamp64\www\matanatr\src\Template\Home\index.ctp, line 7]
Request URL: /matanatr/
Trace:
Cake\Error\BaseErrorHandler::handleError() - CORE\src\Error\BaseErrorHandler.php, line 146
include - APP/Template\Home\index.ctp, line 7
Cake\View\View::_evaluate() - CORE\src\View\View.php, line 1008
Cake\View\View::_render() - CORE\src\View\View.php, line 967
Cake\View\View::render() - CORE\src\View\View.php, line 591
Cake\Controller\Controller::render() - CORE\src\Controller\Controller.php, line 617
Cake\Http\ActionDispatcher::_invoke() - CORE\src\Http\ActionDispatcher.php, line 128
Cake\Http\ActionDispatcher::dispatch() - CORE\src\Http\ActionDispatcher.php, line 96
Cake\Http\BaseApplication::__invoke() - CORE\src\Http\BaseApplication.php, line 83
Cake\Http\Runner::__invoke() - CORE\src\Http\Runner.php, line 65
Cake\Routing\Middleware\RoutingMiddleware::__invoke() - CORE\src\Routing\Middleware\RoutingMiddleware.php, line 52
Cake\Http\Runner::__invoke() - CORE\src\Http\Runner.php, line 65
Cake\Routing\Middleware\AssetMiddleware::__invoke() - CORE\src\Routing\Middleware\AssetMiddleware.php, line 88
Cake\Http\Runner::__invoke() - CORE\src\Http\Runner.php, line 65
Cake\Error\Middleware\ErrorHandlerMiddleware::__invoke() - CORE\src\Error\Middleware\ErrorHandlerMiddleware.php, line 52
Cake\Http\Runner::__invoke() - CORE\src\Http\Runner.php, line 65
Cake\Http\Runner::run() - CORE\src\Http\Runner.php, line 51
Cake\Http\Server::run() - CORE\src\Http\Server.php, line 82
[main] - ROOT\webroot\index.php, line 37



2016-10-11 01:13:42 Notice: Notice (8): Undefined variable: cakeDescription in [D:\wamp64\www\matanatr\src\Template\Home\submit.ctp, line 7]
Request URL: /matanatr/submit
Trace:
Cake\Error\BaseErrorHandler::handleError() - CORE\src\Error\BaseErrorHandler.php, line 146
include - APP/Template\Home\submit.ctp, line 7
Cake\View\View::_evaluate() - CORE\src\View\View.php, line 1008
Cake\View\View::_render() - CORE\src\View\View.php, line 967
Cake\View\View::render() - CORE\src\View\View.php, line 591
Cake\Controller\Controller::render() - CORE\src\Controller\Controller.php, line 617
Cake\Http\ActionDispatcher::_invoke() - CORE\src\Http\ActionDispatcher.php, line 128
Cake\Http\ActionDispatcher::dispatch() - CORE\src\Http\ActionDispatcher.php, line 96
Cake\Http\BaseApplication::__invoke() - CORE\src\Http\BaseApplication.php, line 83
Cake\Http\Runner::__invoke() - CORE\src\Http\Runner.php, line 65
Cake\Routing\Middleware\RoutingMiddleware::__invoke() - CORE\src\Routing\Middleware\RoutingMiddleware.php, line 52
Cake\Http\Runner::__invoke() - CORE\src\Http\Runner.php, line 65
Cake\Routing\Middleware\AssetMiddleware::__invoke() - CORE\src\Routing\Middleware\AssetMiddleware.php, line 88
Cake\Http\Runner::__invoke() - CORE\src\Http\Runner.php, line 65
Cake\Error\Middleware\ErrorHandlerMiddleware::__invoke() - CORE\src\Error\Middleware\ErrorHandlerMiddleware.php, line 52
Cake\Http\Runner::__invoke() - CORE\src\Http\Runner.php, line 65
Cake\Http\Runner::run() - CORE\src\Http\Runner.php, line 51
Cake\Http\Server::run() - CORE\src\Http\Server.php, line 82
[main] - ROOT\webroot\index.php, line 37



2016-10-11 01:14:00 Notice: Notice (8): Undefined variable: cakeDescription in [D:\wamp64\www\matanatr\src\Template\Home\index.ctp, line 7]
Request URL: /matanatr/
Trace:
Cake\Error\BaseErrorHandler::handleError() - CORE\src\Error\BaseErrorHandler.php, line 146
include - APP/Template\Home\index.ctp, line 7
Cake\View\View::_evaluate() - CORE\src\View\View.php, line 1008
Cake\View\View::_render() - CORE\src\View\View.php, line 967
Cake\View\View::render() - CORE\src\View\View.php, line 591
Cake\Controller\Controller::render() - CORE\src\Controller\Controller.php, line 617
Cake\Http\ActionDispatcher::_invoke() - CORE\src\Http\ActionDispatcher.php, line 128
Cake\Http\ActionDispatcher::dispatch() - CORE\src\Http\ActionDispatcher.php, line 96
Cake\Http\BaseApplication::__invoke() - CORE\src\Http\BaseApplication.php, line 83
Cake\Http\Runner::__invoke() - CORE\src\Http\Runner.php, line 65
Cake\Routing\Middleware\RoutingMiddleware::__invoke() - CORE\src\Routing\Middleware\RoutingMiddleware.php, line 52
Cake\Http\Runner::__invoke() - CORE\src\Http\Runner.php, line 65
Cake\Routing\Middleware\AssetMiddleware::__invoke() - CORE\src\Routing\Middleware\AssetMiddleware.php, line 88
Cake\Http\Runner::__invoke() - CORE\src\Http\Runner.php, line 65
Cake\Error\Middleware\ErrorHandlerMiddleware::__invoke() - CORE\src\Error\Middleware\ErrorHandlerMiddleware.php, line 52
Cake\Http\Runner::__invoke() - CORE\src\Http\Runner.php, line 65
Cake\Http\Runner::run() - CORE\src\Http\Runner.php, line 51
Cake\Http\Server::run() - CORE\src\Http\Server.php, line 82
[main] - ROOT\webroot\index.php, line 37



2016-10-11 01:25:10 Notice: Notice (8): Undefined variable: cakeDescription in [D:\wamp64\www\matanatr\src\Template\Home\index.ctp, line 7]
Request URL: /matanatr/
Trace:
Cake\Error\BaseErrorHandler::handleError() - CORE\src\Error\BaseErrorHandler.php, line 146
include - APP/Template\Home\index.ctp, line 7
Cake\View\View::_evaluate() - CORE\src\View\View.php, line 1008
Cake\View\View::_render() - CORE\src\View\View.php, line 967
Cake\View\View::render() - CORE\src\View\View.php, line 591
Cake\Controller\Controller::render() - CORE\src\Controller\Controller.php, line 617
Cake\Http\ActionDispatcher::_invoke() - CORE\src\Http\ActionDispatcher.php, line 128
Cake\Http\ActionDispatcher::dispatch() - CORE\src\Http\ActionDispatcher.php, line 96
Cake\Http\BaseApplication::__invoke() - CORE\src\Http\BaseApplication.php, line 83
Cake\Http\Runner::__invoke() - CORE\src\Http\Runner.php, line 65
Cake\Routing\Middleware\RoutingMiddleware::__invoke() - CORE\src\Routing\Middleware\RoutingMiddleware.php, line 52
Cake\Http\Runner::__invoke() - CORE\src\Http\Runner.php, line 65
Cake\Routing\Middleware\AssetMiddleware::__invoke() - CORE\src\Routing\Middleware\AssetMiddleware.php, line 88
Cake\Http\Runner::__invoke() - CORE\src\Http\Runner.php, line 65
Cake\Error\Middleware\ErrorHandlerMiddleware::__invoke() - CORE\src\Error\Middleware\ErrorHandlerMiddleware.php, line 52
Cake\Http\Runner::__invoke() - CORE\src\Http\Runner.php, line 65
Cake\Http\Runner::run() - CORE\src\Http\Runner.php, line 51
Cake\Http\Server::run() - CORE\src\Http\Server.php, line 82
[main] - ROOT\webroot\index.php, line 37



2016-10-11 01:27:14 Notice: Notice (8): Undefined variable: cakeDescription in [D:\wamp64\www\matanatr\src\Template\Home\index.ctp, line 7]
Request URL: /matanatr/
Trace:
Cake\Error\BaseErrorHandler::handleError() - CORE\src\Error\BaseErrorHandler.php, line 146
include - APP/Template\Home\index.ctp, line 7
Cake\View\View::_evaluate() - CORE\src\View\View.php, line 1008
Cake\View\View::_render() - CORE\src\View\View.php, line 967
Cake\View\View::render() - CORE\src\View\View.php, line 591
Cake\Controller\Controller::render() - CORE\src\Controller\Controller.php, line 617
Cake\Http\ActionDispatcher::_invoke() - CORE\src\Http\ActionDispatcher.php, line 128
Cake\Http\ActionDispatcher::dispatch() - CORE\src\Http\ActionDispatcher.php, line 96
Cake\Http\BaseApplication::__invoke() - CORE\src\Http\BaseApplication.php, line 83
Cake\Http\Runner::__invoke() - CORE\src\Http\Runner.php, line 65
Cake\Routing\Middleware\RoutingMiddleware::__invoke() - CORE\src\Routing\Middleware\RoutingMiddleware.php, line 52
Cake\Http\Runner::__invoke() - CORE\src\Http\Runner.php, line 65
Cake\Routing\Middleware\AssetMiddleware::__invoke() - CORE\src\Routing\Middleware\AssetMiddleware.php, line 88
Cake\Http\Runner::__invoke() - CORE\src\Http\Runner.php, line 65
Cake\Error\Middleware\ErrorHandlerMiddleware::__invoke() - CORE\src\Error\Middleware\ErrorHandlerMiddleware.php, line 52
Cake\Http\Runner::__invoke() - CORE\src\Http\Runner.php, line 65
Cake\Http\Runner::run() - CORE\src\Http\Runner.php, line 51
Cake\Http\Server::run() - CORE\src\Http\Server.php, line 82
[main] - ROOT\webroot\index.php, line 37



2016-10-14 00:20:18 Notice: Notice (8): Use of undefined constant navigation - assumed 'navigation' in [D:\wamp64\www\matanatr\src\Template\Home\index.ctp, line 18]
Request URL: /matanatr/
Trace:
Cake\Error\BaseErrorHandler::handleError() - CORE\src\Error\BaseErrorHandler.php, line 146
include - APP/Template\Home\index.ctp, line 18
Cake\View\View::_evaluate() - CORE\src\View\View.php, line 1008
Cake\View\View::_render() - CORE\src\View\View.php, line 967
Cake\View\View::render() - CORE\src\View\View.php, line 591
Cake\Controller\Controller::render() - CORE\src\Controller\Controller.php, line 617
Cake\Http\ActionDispatcher::_invoke() - CORE\src\Http\ActionDispatcher.php, line 128
Cake\Http\ActionDispatcher::dispatch() - CORE\src\Http\ActionDispatcher.php, line 96
Cake\Http\BaseApplication::__invoke() - CORE\src\Http\BaseApplication.php, line 83
Cake\Http\Runner::__invoke() - CORE\src\Http\Runner.php, line 65
Cake\Routing\Middleware\RoutingMiddleware::__invoke() - CORE\src\Routing\Middleware\RoutingMiddleware.php, line 52
Cake\Http\Runner::__invoke() - CORE\src\Http\Runner.php, line 65
Cake\Routing\Middleware\AssetMiddleware::__invoke() - CORE\src\Routing\Middleware\AssetMiddleware.php, line 88
Cake\Http\Runner::__invoke() - CORE\src\Http\Runner.php, line 65
Cake\Error\Middleware\ErrorHandlerMiddleware::__invoke() - CORE\src\Error\Middleware\ErrorHandlerMiddleware.php, line 52
Cake\Http\Runner::__invoke() - CORE\src\Http\Runner.php, line 65
Cake\Http\Runner::run() - CORE\src\Http\Runner.php, line 51
Cake\Http\Server::run() - CORE\src\Http\Server.php, line 82
[main] - ROOT\webroot\index.php, line 37



2016-10-14 18:28:18 Notice: Notice (8): Constant ROOT already defined in [D:\wamp64\www\matanatr\webroot\index.php, line 38]
Request URL: /matanatr/
Trace:
Cake\Error\BaseErrorHandler::handleError() - CORE\src\Error\BaseErrorHandler.php, line 146
define - [internal], line ??
[main] - ROOT\webroot\index.php, line 38



2016-10-14 18:28:19 Notice: Notice (8): Constant ROOT already defined in [D:\wamp64\www\matanatr\webroot\index.php, line 38]
Trace:
Cake\Error\BaseErrorHandler::handleError() - CORE\src\Error\BaseErrorHandler.php, line 146
define - [internal], line ??
[main] - ROOT\webroot\index.php, line 38



2016-10-14 18:28:20 Notice: Notice (8): Constant ROOT already defined in [D:\wamp64\www\matanatr\webroot\index.php, line 38]
Request URL: /matanatr/debug_kit/toolbar/7f134bbb-ab24-46ac-b67e-525d303ddfae
Referer URL: http://localhost/matanatr/
Trace:
Cake\Error\BaseErrorHandler::handleError() - CORE\src\Error\BaseErrorHandler.php, line 146
define - [internal], line ??
[main] - ROOT\webroot\index.php, line 38



2016-10-14 18:28:20 Notice: Notice (8): Constant ROOT already defined in [D:\wamp64\www\matanatr\webroot\index.php, line 38]
Trace:
Cake\Error\BaseErrorHandler::handleError() - CORE\src\Error\BaseErrorHandler.php, line 146
define - [internal], line ??
[main] - ROOT\webroot\index.php, line 38



2016-10-14 18:28:20 Notice: Notice (8): Constant ROOT already defined in [D:\wamp64\www\matanatr\webroot\index.php, line 38]
Trace:
Cake\Error\BaseErrorHandler::handleError() - CORE\src\Error\BaseErrorHandler.php, line 146
define - [internal], line ??
[main] - ROOT\webroot\index.php, line 38



2016-10-14 18:28:20 Notice: Notice (8): Constant ROOT already defined in [D:\wamp64\www\matanatr\webroot\index.php, line 38]
Trace:
Cake\Error\BaseErrorHandler::handleError() - CORE\src\Error\BaseErrorHandler.php, line 146
define - [internal], line ??
[main] - ROOT\webroot\index.php, line 38



2016-10-14 18:28:20 Notice: Notice (8): Constant ROOT already defined in [D:\wamp64\www\matanatr\webroot\index.php, line 38]
Trace:
Cake\Error\BaseErrorHandler::handleError() - CORE\src\Error\BaseErrorHandler.php, line 146
define - [internal], line ??
[main] - ROOT\webroot\index.php, line 38



2016-10-14 18:28:20 Notice: Notice (8): Constant ROOT already defined in [D:\wamp64\www\matanatr\webroot\index.php, line 38]
Trace:
Cake\Error\BaseErrorHandler::handleError() - CORE\src\Error\BaseErrorHandler.php, line 146
define - [internal], line ??
[main] - ROOT\webroot\index.php, line 38



2016-10-14 18:28:20 Notice: Notice (8): Constant ROOT already defined in [D:\wamp64\www\matanatr\webroot\index.php, line 38]
Trace:
Cake\Error\BaseErrorHandler::handleError() - CORE\src\Error\BaseErrorHandler.php, line 146
define - [internal], line ??
[main] - ROOT\webroot\index.php, line 38



2016-11-01 01:47:15 Notice: Notice (8): Undefined variable: cakeDescription in [D:\wamp64\www\matanatr\src\Template\Home\submit.ctp, line 7]
Request URL: /matanatr/matanatr/submit
Referer URL: http://localhost/matanatr/
Trace:
Cake\Error\BaseErrorHandler::handleError() - CORE\src\Error\BaseErrorHandler.php, line 146
include - APP/Template\Home\submit.ctp, line 7
Cake\View\View::_evaluate() - CORE\src\View\View.php, line 1008
Cake\View\View::_render() - CORE\src\View\View.php, line 967
Cake\View\View::render() - CORE\src\View\View.php, line 591
Cake\Controller\Controller::render() - CORE\src\Controller\Controller.php, line 617
Cake\Http\ActionDispatcher::_invoke() - CORE\src\Http\ActionDispatcher.php, line 128
Cake\Http\ActionDispatcher::dispatch() - CORE\src\Http\ActionDispatcher.php, line 96
Cake\Http\BaseApplication::__invoke() - CORE\src\Http\BaseApplication.php, line 83
Cake\Http\Runner::__invoke() - CORE\src\Http\Runner.php, line 65
Cake\Routing\Middleware\RoutingMiddleware::__invoke() - CORE\src\Routing\Middleware\RoutingMiddleware.php, line 52
Cake\Http\Runner::__invoke() - CORE\src\Http\Runner.php, line 65
Cake\Routing\Middleware\AssetMiddleware::__invoke() - CORE\src\Routing\Middleware\AssetMiddleware.php, line 88
Cake\Http\Runner::__invoke() - CORE\src\Http\Runner.php, line 65
Cake\Error\Middleware\ErrorHandlerMiddleware::__invoke() - CORE\src\Error\Middleware\ErrorHandlerMiddleware.php, line 52
Cake\Http\Runner::__invoke() - CORE\src\Http\Runner.php, line 65
Cake\Http\Runner::run() - CORE\src\Http\Runner.php, line 51
Cake\Http\Server::run() - CORE\src\Http\Server.php, line 82
[main] - ROOT\webroot\index.php, line 37



2016-11-01 01:47:15 Notice: Notice (8): Undefined variable: name in [D:\wamp64\www\matanatr\src\Template\Home\submit.ctp, line 14]
Request URL: /matanatr/matanatr/submit
Referer URL: http://localhost/matanatr/
Trace:
Cake\Error\BaseErrorHandler::handleError() - CORE\src\Error\BaseErrorHandler.php, line 146
include - APP/Template\Home\submit.ctp, line 14
Cake\View\View::_evaluate() - CORE\src\View\View.php, line 1008
Cake\View\View::_render() - CORE\src\View\View.php, line 967
Cake\View\View::render() - CORE\src\View\View.php, line 591
Cake\Controller\Controller::render() - CORE\src\Controller\Controller.php, line 617
Cake\Http\ActionDispatcher::_invoke() - CORE\src\Http\ActionDispatcher.php, line 128
Cake\Http\ActionDispatcher::dispatch() - CORE\src\Http\ActionDispatcher.php, line 96
Cake\Http\BaseApplication::__invoke() - CORE\src\Http\BaseApplication.php, line 83
Cake\Http\Runner::__invoke() - CORE\src\Http\Runner.php, line 65
Cake\Routing\Middleware\RoutingMiddleware::__invoke() - CORE\src\Routing\Middleware\RoutingMiddleware.php, line 52
Cake\Http\Runner::__invoke() - CORE\src\Http\Runner.php, line 65
Cake\Routing\Middleware\AssetMiddleware::__invoke() - CORE\src\Routing\Middleware\AssetMiddleware.php, line 88
Cake\Http\Runner::__invoke() - CORE\src\Http\Runner.php, line 65
Cake\Error\Middleware\ErrorHandlerMiddleware::__invoke() - CORE\src\Error\Middleware\ErrorHandlerMiddleware.php, line 52
Cake\Http\Runner::__invoke() - CORE\src\Http\Runner.php, line 65
Cake\Http\Runner::run() - CORE\src\Http\Runner.php, line 51
Cake\Http\Server::run() - CORE\src\Http\Server.php, line 82
[main] - ROOT\webroot\index.php, line 37



2016-11-01 01:47:55 Notice: Notice (8): Undefined variable: cakeDescription in [D:\wamp64\www\matanatr\src\Template\Home\submit.ctp, line 7]
Request URL: /matanatr/matanatr/submit
Referer URL: http://localhost/matanatr/
Trace:
Cake\Error\BaseErrorHandler::handleError() - CORE\src\Error\BaseErrorHandler.php, line 146
include - APP/Template\Home\submit.ctp, line 7
Cake\View\View::_evaluate() - CORE\src\View\View.php, line 1008
Cake\View\View::_render() - CORE\src\View\View.php, line 967
Cake\View\View::render() - CORE\src\View\View.php, line 591
Cake\Controller\Controller::render() - CORE\src\Controller\Controller.php, line 617
Cake\Http\ActionDispatcher::_invoke() - CORE\src\Http\ActionDispatcher.php, line 128
Cake\Http\ActionDispatcher::dispatch() - CORE\src\Http\ActionDispatcher.php, line 96
Cake\Http\BaseApplication::__invoke() - CORE\src\Http\BaseApplication.php, line 83
Cake\Http\Runner::__invoke() - CORE\src\Http\Runner.php, line 65
Cake\Routing\Middleware\RoutingMiddleware::__invoke() - CORE\src\Routing\Middleware\RoutingMiddleware.php, line 52
Cake\Http\Runner::__invoke() - CORE\src\Http\Runner.php, line 65
Cake\Routing\Middleware\AssetMiddleware::__invoke() - CORE\src\Routing\Middleware\AssetMiddleware.php, line 88
Cake\Http\Runner::__invoke() - CORE\src\Http\Runner.php, line 65
Cake\Error\Middleware\ErrorHandlerMiddleware::__invoke() - CORE\src\Error\Middleware\ErrorHandlerMiddleware.php, line 52
Cake\Http\Runner::__invoke() - CORE\src\Http\Runner.php, line 65
Cake\Http\Runner::run() - CORE\src\Http\Runner.php, line 51
Cake\Http\Server::run() - CORE\src\Http\Server.php, line 82
[main] - ROOT\webroot\index.php, line 37



2016-11-01 01:47:55 Notice: Notice (8): Undefined variable: name in [D:\wamp64\www\matanatr\src\Template\Home\submit.ctp, line 14]
Request URL: /matanatr/matanatr/submit
Referer URL: http://localhost/matanatr/
Trace:
Cake\Error\BaseErrorHandler::handleError() - CORE\src\Error\BaseErrorHandler.php, line 146
include - APP/Template\Home\submit.ctp, line 14
Cake\View\View::_evaluate() - CORE\src\View\View.php, line 1008
Cake\View\View::_render() - CORE\src\View\View.php, line 967
Cake\View\View::render() - CORE\src\View\View.php, line 591
Cake\Controller\Controller::render() - CORE\src\Controller\Controller.php, line 617
Cake\Http\ActionDispatcher::_invoke() - CORE\src\Http\ActionDispatcher.php, line 128
Cake\Http\ActionDispatcher::dispatch() - CORE\src\Http\ActionDispatcher.php, line 96
Cake\Http\BaseApplication::__invoke() - CORE\src\Http\BaseApplication.php, line 83
Cake\Http\Runner::__invoke() - CORE\src\Http\Runner.php, line 65
Cake\Routing\Middleware\RoutingMiddleware::__invoke() - CORE\src\Routing\Middleware\RoutingMiddleware.php, line 52
Cake\Http\Runner::__invoke() - CORE\src\Http\Runner.php, line 65
Cake\Routing\Middleware\AssetMiddleware::__invoke() - CORE\src\Routing\Middleware\AssetMiddleware.php, line 88
Cake\Http\Runner::__invoke() - CORE\src\Http\Runner.php, line 65
Cake\Error\Middleware\ErrorHandlerMiddleware::__invoke() - CORE\src\Error\Middleware\ErrorHandlerMiddleware.php, line 52
Cake\Http\Runner::__invoke() - CORE\src\Http\Runner.php, line 65
Cake\Http\Runner::run() - CORE\src\Http\Runner.php, line 51
Cake\Http\Server::run() - CORE\src\Http\Server.php, line 82
[main] - ROOT\webroot\index.php, line 37



2016-11-01 02:00:30 Notice: Notice (8): Undefined variable: cakeDescription in [D:\wamp64\www\matanatr\src\Template\Home\submit.ctp, line 7]
Request URL: /matanatr/matanatr/submit
Referer URL: http://localhost/matanatr/
Trace:
Cake\Error\BaseErrorHandler::handleError() - CORE\src\Error\BaseErrorHandler.php, line 146
include - APP/Template\Home\submit.ctp, line 7
Cake\View\View::_evaluate() - CORE\src\View\View.php, line 1008
Cake\View\View::_render() - CORE\src\View\View.php, line 967
Cake\View\View::render() - CORE\src\View\View.php, line 591
Cake\Controller\Controller::render() - CORE\src\Controller\Controller.php, line 617
Cake\Http\ActionDispatcher::_invoke() - CORE\src\Http\ActionDispatcher.php, line 128
Cake\Http\ActionDispatcher::dispatch() - CORE\src\Http\ActionDispatcher.php, line 96
Cake\Http\BaseApplication::__invoke() - CORE\src\Http\BaseApplication.php, line 83
Cake\Http\Runner::__invoke() - CORE\src\Http\Runner.php, line 65
Cake\Routing\Middleware\RoutingMiddleware::__invoke() - CORE\src\Routing\Middleware\RoutingMiddleware.php, line 52
Cake\Http\Runner::__invoke() - CORE\src\Http\Runner.php, line 65
Cake\Routing\Middleware\AssetMiddleware::__invoke() - CORE\src\Routing\Middleware\AssetMiddleware.php, line 88
Cake\Http\Runner::__invoke() - CORE\src\Http\Runner.php, line 65
Cake\Error\Middleware\ErrorHandlerMiddleware::__invoke() - CORE\src\Error\Middleware\ErrorHandlerMiddleware.php, line 52
Cake\Http\Runner::__invoke() - CORE\src\Http\Runner.php, line 65
Cake\Http\Runner::run() - CORE\src\Http\Runner.php, line 51
Cake\Http\Server::run() - CORE\src\Http\Server.php, line 82
[main] - ROOT\webroot\index.php, line 37



2016-11-01 02:00:47 Notice: Notice (8): Undefined index: name in [D:\wamp64\www\matanatr\src\Controller\HomeController.php, line 27]
Request URL: /matanatr/matanatr/submit
Referer URL: http://localhost/matanatr/matanatr/submit
Trace:
Cake\Error\BaseErrorHandler::handleError() - CORE\src\Error\BaseErrorHandler.php, line 146
App\Controller\HomeController::submit() - APP/Controller\HomeController.php, line 27
Cake\Controller\Controller::invokeAction() - CORE\src\Controller\Controller.php, line 435
Cake\Http\ActionDispatcher::_invoke() - CORE\src\Http\ActionDispatcher.php, line 122
Cake\Http\ActionDispatcher::dispatch() - CORE\src\Http\ActionDispatcher.php, line 96
Cake\Http\BaseApplication::__invoke() - CORE\src\Http\BaseApplication.php, line 83
Cake\Http\Runner::__invoke() - CORE\src\Http\Runner.php, line 65
Cake\Routing\Middleware\RoutingMiddleware::__invoke() - CORE\src\Routing\Middleware\RoutingMiddleware.php, line 52
Cake\Http\Runner::__invoke() - CORE\src\Http\Runner.php, line 65
Cake\Routing\Middleware\AssetMiddleware::__invoke() - CORE\src\Routing\Middleware\AssetMiddleware.php, line 88
Cake\Http\Runner::__invoke() - CORE\src\Http\Runner.php, line 65
Cake\Error\Middleware\ErrorHandlerMiddleware::__invoke() - CORE\src\Error\Middleware\ErrorHandlerMiddleware.php, line 52
Cake\Http\Runner::__invoke() - CORE\src\Http\Runner.php, line 65
Cake\Http\Runner::run() - CORE\src\Http\Runner.php, line 51
Cake\Http\Server::run() - CORE\src\Http\Server.php, line 82
[main] - ROOT\webroot\index.php, line 37



2016-11-01 02:00:47 Notice: Notice (8): Undefined index: age in [D:\wamp64\www\matanatr\src\Controller\HomeController.php, line 27]
Request URL: /matanatr/matanatr/submit
Referer URL: http://localhost/matanatr/matanatr/submit
Trace:
Cake\Error\BaseErrorHandler::handleError() - CORE\src\Error\BaseErrorHandler.php, line 146
App\Controller\HomeController::submit() - APP/Controller\HomeController.php, line 27
Cake\Controller\Controller::invokeAction() - CORE\src\Controller\Controller.php, line 435
Cake\Http\ActionDispatcher::_invoke() - CORE\src\Http\ActionDispatcher.php, line 122
Cake\Http\ActionDispatcher::dispatch() - CORE\src\Http\ActionDispatcher.php, line 96
Cake\Http\BaseApplication::__invoke() - CORE\src\Http\BaseApplication.php, line 83
Cake\Http\Runner::__invoke() - CORE\src\Http\Runner.php, line 65
Cake\Routing\Middleware\RoutingMiddleware::__invoke() - CORE\src\Routing\Middleware\RoutingMiddleware.php, line 52
Cake\Http\Runner::__invoke() - CORE\src\Http\Runner.php, line 65
Cake\Routing\Middleware\AssetMiddleware::__invoke() - CORE\src\Routing\Middleware\AssetMiddleware.php, line 88
Cake\Http\Runner::__invoke() - CORE\src\Http\Runner.php, line 65
Cake\Error\Middleware\ErrorHandlerMiddleware::__invoke() - CORE\src\Error\Middleware\ErrorHandlerMiddleware.php, line 52
Cake\Http\Runner::__invoke() - CORE\src\Http\Runner.php, line 65
Cake\Http\Runner::run() - CORE\src\Http\Runner.php, line 51
Cake\Http\Server::run() - CORE\src\Http\Server.php, line 82
[main] - ROOT\webroot\index.php, line 37



2016-11-01 02:00:47 Notice: Notice (8): Undefined variable: cakeDescription in [D:\wamp64\www\matanatr\src\Template\Home\submit.ctp, line 7]
Request URL: /matanatr/matanatr/submit
Referer URL: http://localhost/matanatr/matanatr/submit
Trace:
Cake\Error\BaseErrorHandler::handleError() - CORE\src\Error\BaseErrorHandler.php, line 146
include - APP/Template\Home\submit.ctp, line 7
Cake\View\View::_evaluate() - CORE\src\View\View.php, line 1008
Cake\View\View::_render() - CORE\src\View\View.php, line 967
Cake\View\View::render() - CORE\src\View\View.php, line 591
Cake\Controller\Controller::render() - CORE\src\Controller\Controller.php, line 617
Cake\Http\ActionDispatcher::_invoke() - CORE\src\Http\ActionDispatcher.php, line 128
Cake\Http\ActionDispatcher::dispatch() - CORE\src\Http\ActionDispatcher.php, line 96
Cake\Http\BaseApplication::__invoke() - CORE\src\Http\BaseApplication.php, line 83
Cake\Http\Runner::__invoke() - CORE\src\Http\Runner.php, line 65
Cake\Routing\Middleware\RoutingMiddleware::__invoke() - CORE\src\Routing\Middleware\RoutingMiddleware.php, line 52
Cake\Http\Runner::__invoke() - CORE\src\Http\Runner.php, line 65
Cake\Routing\Middleware\AssetMiddleware::__invoke() - CORE\src\Routing\Middleware\AssetMiddleware.php, line 88
Cake\Http\Runner::__invoke() - CORE\src\Http\Runner.php, line 65
Cake\Error\Middleware\ErrorHandlerMiddleware::__invoke() - CORE\src\Error\Middleware\ErrorHandlerMiddleware.php, line 52
Cake\Http\Runner::__invoke() - CORE\src\Http\Runner.php, line 65
Cake\Http\Runner::run() - CORE\src\Http\Runner.php, line 51
Cake\Http\Server::run() - CORE\src\Http\Server.php, line 82
[main] - ROOT\webroot\index.php, line 37



2016-11-09 02:46:05 Notice: Notice (8): Undefined variable: cakeDescription in [D:\wamp64\www\matanatr\src\Template\Home\submit.ctp, line 7]
Request URL: /matanatr/matanatr/submit
Referer URL: http://localhost/matanatr/
Trace:
Cake\Error\BaseErrorHandler::handleError() - CORE\src\Error\BaseErrorHandler.php, line 146
include - APP/Template\Home\submit.ctp, line 7
Cake\View\View::_evaluate() - CORE\src\View\View.php, line 1008
Cake\View\View::_render() - CORE\src\View\View.php, line 967
Cake\View\View::render() - CORE\src\View\View.php, line 591
Cake\Controller\Controller::render() - CORE\src\Controller\Controller.php, line 617
Cake\Http\ActionDispatcher::_invoke() - CORE\src\Http\ActionDispatcher.php, line 128
Cake\Http\ActionDispatcher::dispatch() - CORE\src\Http\ActionDispatcher.php, line 96
Cake\Http\BaseApplication::__invoke() - CORE\src\Http\BaseApplication.php, line 83
Cake\Http\Runner::__invoke() - CORE\src\Http\Runner.php, line 65
Cake\Routing\Middleware\RoutingMiddleware::__invoke() - CORE\src\Routing\Middleware\RoutingMiddleware.php, line 52
Cake\Http\Runner::__invoke() - CORE\src\Http\Runner.php, line 65
Cake\Routing\Middleware\AssetMiddleware::__invoke() - CORE\src\Routing\Middleware\AssetMiddleware.php, line 88
Cake\Http\Runner::__invoke() - CORE\src\Http\Runner.php, line 65
Cake\Error\Middleware\ErrorHandlerMiddleware::__invoke() - CORE\src\Error\Middleware\ErrorHandlerMiddleware.php, line 52
Cake\Http\Runner::__invoke() - CORE\src\Http\Runner.php, line 65
Cake\Http\Runner::run() - CORE\src\Http\Runner.php, line 51
Cake\Http\Server::run() - CORE\src\Http\Server.php, line 82
[main] - ROOT\webroot\index.php, line 37



2016-11-09 02:47:47 Notice: Notice (8): Undefined variable: cakeDescription in [D:\wamp64\www\matanatr\src\Template\Home\submit.ctp, line 8]
Request URL: /matanatr/matanatr/submit
Referer URL: http://localhost/matanatr/
Trace:
Cake\Error\BaseErrorHandler::handleError() - CORE\src\Error\BaseErrorHandler.php, line 146
include - APP/Template\Home\submit.ctp, line 8
Cake\View\View::_evaluate() - CORE\src\View\View.php, line 1008
Cake\View\View::_render() - CORE\src\View\View.php, line 967
Cake\View\View::render() - CORE\src\View\View.php, line 591
Cake\Controller\Controller::render() - CORE\src\Controller\Controller.php, line 617
Cake\Http\ActionDispatcher::_invoke() - CORE\src\Http\ActionDispatcher.php, line 128
Cake\Http\ActionDispatcher::dispatch() - CORE\src\Http\ActionDispatcher.php, line 96
Cake\Http\BaseApplication::__invoke() - CORE\src\Http\BaseApplication.php, line 83
Cake\Http\Runner::__invoke() - CORE\src\Http\Runner.php, line 65
Cake\Routing\Middleware\RoutingMiddleware::__invoke() - CORE\src\Routing\Middleware\RoutingMiddleware.php, line 52
Cake\Http\Runner::__invoke() - CORE\src\Http\Runner.php, line 65
Cake\Routing\Middleware\AssetMiddleware::__invoke() - CORE\src\Routing\Middleware\AssetMiddleware.php, line 88
Cake\Http\Runner::__invoke() - CORE\src\Http\Runner.php, line 65
Cake\Error\Middleware\ErrorHandlerMiddleware::__invoke() - CORE\src\Error\Middleware\ErrorHandlerMiddleware.php, line 52
Cake\Http\Runner::__invoke() - CORE\src\Http\Runner.php, line 65
Cake\Http\Runner::run() - CORE\src\Http\Runner.php, line 51
Cake\Http\Server::run() - CORE\src\Http\Server.php, line 82
[main] - ROOT\webroot\index.php, line 37



2016-11-09 02:48:13 Notice: Notice (8): Undefined variable: cakeDescription in [D:\wamp64\www\matanatr\src\Template\Home\submit.ctp, line 8]
Request URL: /matanatr/matanatr/submit
Referer URL: http://localhost/matanatr/
Trace:
Cake\Error\BaseErrorHandler::handleError() - CORE\src\Error\BaseErrorHandler.php, line 146
include - APP/Template\Home\submit.ctp, line 8
Cake\View\View::_evaluate() - CORE\src\View\View.php, line 1008
Cake\View\View::_render() - CORE\src\View\View.php, line 967
Cake\View\View::render() - CORE\src\View\View.php, line 591
Cake\Controller\Controller::render() - CORE\src\Controller\Controller.php, line 617
Cake\Http\ActionDispatcher::_invoke() - CORE\src\Http\ActionDispatcher.php, line 128
Cake\Http\ActionDispatcher::dispatch() - CORE\src\Http\ActionDispatcher.php, line 96
Cake\Http\BaseApplication::__invoke() - CORE\src\Http\BaseApplication.php, line 83
Cake\Http\Runner::__invoke() - CORE\src\Http\Runner.php, line 65
Cake\Routing\Middleware\RoutingMiddleware::__invoke() - CORE\src\Routing\Middleware\RoutingMiddleware.php, line 52
Cake\Http\Runner::__invoke() - CORE\src\Http\Runner.php, line 65
Cake\Routing\Middleware\AssetMiddleware::__invoke() - CORE\src\Routing\Middleware\AssetMiddleware.php, line 88
Cake\Http\Runner::__invoke() - CORE\src\Http\Runner.php, line 65
Cake\Error\Middleware\ErrorHandlerMiddleware::__invoke() - CORE\src\Error\Middleware\ErrorHandlerMiddleware.php, line 52
Cake\Http\Runner::__invoke() - CORE\src\Http\Runner.php, line 65
Cake\Http\Runner::run() - CORE\src\Http\Runner.php, line 51
Cake\Http\Server::run() - CORE\src\Http\Server.php, line 82
[main] - ROOT\webroot\index.php, line 37



